<?xml version="1.0" encoding="UTF-8"?>
<!-- Generated by org.testng.reporters.JUnitXMLReporter -->
<testsuite ignored="0" hostname="DESKTOP-FUGQNF4" failures="4" tests="6" name="ChromeTest" time="194.762" errors="0" timestamp="2023-09-10T02:39:28 EDT">
  <testcase classname="com.bestbuy.tests.BestBuySignupTest" name="signUpPage" time="41.659">
    <failure type="java.lang.AssertionError">
      <![CDATA[java.lang.AssertionError
at com.bestbuy.utils.Reports.reportStep(Reports.java:72)
at com.bestbuy.utils.SelWrappers.click(SelWrappers.java:149)
at com.bestbuy.pages.BestBuySignUpPage.bestBuySignup(BestBuySignUpPage.java:59)
at com.bestbuy.utils.BestWrappers.bestSignUp(BestWrappers.java:20)
at com.bestbuy.tests.BestBuySignupTest.signUpPage(BestBuySignupTest.java:23)
at java.base/java.util.ArrayList.forEach(ArrayList.java:1511)
... Removed 31 stack frames]]>
    </failure>
  </testcase> <!-- signUpPage -->
  <testcase classname="com.bestbuy.tests.BestBuyBottomPageTest" name="bottomLinkValidation" time="4.826">
    <failure type="java.lang.AssertionError">
      <![CDATA[java.lang.AssertionError
at com.bestbuy.utils.Reports.reportStep(Reports.java:72)
at com.bestbuy.utils.SelWrappers.jsscrollDownBottom(SelWrappers.java:643)
at com.bestbuy.pages.BestBuyBottomLinkPage.bottomLinks(BestBuyBottomLinkPage.java:23)
at com.bestbuy.utils.BestWrappers.bestBuyHomepageBottomLink(BestWrappers.java:33)
at com.bestbuy.tests.BestBuyBottomPageTest.bottomLinkValidation(BestBuyBottomPageTest.java:24)
at java.base/java.util.ArrayList.forEach(ArrayList.java:1511)
... Removed 31 stack frames]]>
    </failure>
  </testcase> <!-- bottomLinkValidation -->
  <testcase classname="com.bestbuy.tests.BestBuyMenuTest" name="menuNavigation" time="45.337"/>
  <testcase classname="com.bestbuy.tests.BestBuyAddItemsTest" name="add_Items_toCart" time="24.99">
    <failure type="java.lang.AssertionError">
      <![CDATA[java.lang.AssertionError
at com.bestbuy.utils.Reports.reportStep(Reports.java:72)
at com.bestbuy.utils.SelWrappers.typeText(SelWrappers.java:129)
at com.bestbuy.pages.BestBuyAddItemsPage.searchAndAddItems(BestBuyAddItemsPage.java:128)
at com.bestbuy.utils.BestWrappers.bestBuyAddItemsToCart(BestWrappers.java:39)
at com.bestbuy.tests.BestBuyAddItemsTest.add_Items_toCart(BestBuyAddItemsTest.java:22)
at java.base/java.util.ArrayList.forEach(ArrayList.java:1511)
... Removed 31 stack frames]]>
    </failure>
  </testcase> <!-- add_Items_toCart -->
  <testcase classname="com.bestbuy.tests.BestBuySignin_NegativeTest" name="signIn_invalidCredentials" time="62.638"/>
  <testcase classname="com.bestbuy.tests.BestBuySearch_NegativeTest" name="signIn_invalidCredentials" time="14.572">
    <failure type="java.lang.AssertionError">
      <![CDATA[java.lang.AssertionError
at com.bestbuy.utils.Reports.reportStep(Reports.java:72)
at com.bestbuy.utils.SelWrappers.chooseCountry(SelWrappers.java:833)
at com.bestbuy.tests.BestBuySearch_NegativeTest.signIn_invalidCredentials(BestBuySearch_NegativeTest.java:22)
at java.base/java.util.ArrayList.forEach(ArrayList.java:1511)
... Removed 31 stack frames]]>
    </failure>
  </testcase> <!-- signIn_invalidCredentials -->
</testsuite> <!-- ChromeTest -->
