<?xml version="1.0" encoding="UTF-8"?>
<testng-results ignored="0" total="1" passed="1" failed="0" skipped="0">
  <reporter-output>
  </reporter-output>
  <suite started-at="2023-09-10T01:29:03 EDT" name="Default suite" finished-at="2023-09-10T01:54:02 EDT" duration-ms="1498666">
    <groups>
    </groups>
    <test started-at="2023-09-10T01:29:03 EDT" name="Default test" finished-at="2023-09-10T01:54:02 EDT" duration-ms="1498666">
      <class name="com.bestbuy.tests.BestBuyAddItemsTest">
        <test-method is-config="true" signature="setUp(java.lang.String)[pri:0, instance:com.bestbuy.tests.BestBuyAddItemsTest@350aac89]" started-at="2023-09-10T01:29:03 EDT" name="setUp" finished-at="2023-09-10T01:29:03 EDT" duration-ms="22" status="PASS">
          <params>
            <param index="0">
              <value>
                <![CDATA[chrome]]>
              </value>
            </param>
          </params>
          <reporter-output>
          </reporter-output>
        </test-method> <!-- setUp -->
        <test-method signature="add_Items_toCart()[pri:0, instance:com.bestbuy.tests.BestBuyAddItemsTest@350aac89]" started-at="2023-09-10T01:29:03 EDT" name="add_Items_toCart" finished-at="2023-09-10T01:54:01 EDT" duration-ms="1497761" status="PASS">
          <reporter-output>
          </reporter-output>
        </test-method> <!-- add_Items_toCart -->
        <test-method is-config="true" signature="clossBrowser()[pri:0, instance:com.bestbuy.tests.BestBuyAddItemsTest@350aac89]" started-at="2023-09-10T01:54:01 EDT" name="clossBrowser" finished-at="2023-09-10T01:54:02 EDT" duration-ms="828" status="PASS">
          <reporter-output>
          </reporter-output>
        </test-method> <!-- clossBrowser -->
      </class> <!-- com.bestbuy.tests.BestBuyAddItemsTest -->
    </test> <!-- Default test -->
  </suite> <!-- Default suite -->
</testng-results>
